2026-01-15 07:37:56,772 [INFO] Activator:176 - 


2026-01-15 07:37:56,776 [INFO] Activator:177 - !SESSION log4j initialized
2026-01-15 07:38:04,080 [INFO] LogOutputStream:77 - [STDOUT_REDIRECT] 
2026-01-15 07:38:07,424 [INFO] ApplicationProperties:184 - Using Application install path: /opt/st/stm32cubeide_1.19.0/plugins/com.st.stm32cube.common.mx_6.15.0.202507011659
2026-01-15 07:38:07,453 [INFO] DbMcusXml:78 - Set database path to: /opt/st/stm32cubeide_1.19.0/plugins/com.st.stm32cube.common.mx_6.15.0.202507011659//db//mcu/
2026-01-15 07:38:07,454 [INFO] ApiDb:274 - Set plugin database path to: /opt/st/stm32cubeide_1.19.0/plugins/com.st.stm32cube.common.mx_6.15.0.202507011659//db//plugins/boardmanager/
2026-01-15 07:38:07,454 [WARN] ApiDb:259 - Overriding images path with different value:  => /opt/st/stm32cubeide_1.19.0/plugins/com.st.stm32cube.common.mx_6.15.0.202507011659//db//plugins/mcufinder/images/
2026-01-15 07:38:07,470 [INFO] ApiDb:250 - Set database path to: /home/etienne.lima/.stmcufinder/plugins/mcufinder//mcu/
2026-01-15 07:38:07,472 [INFO] DbMcusAds:125 - Set database path to: /home/etienne.lima/.stmcufinder/plugins/mcufinder//mcu/
2026-01-15 07:38:07,476 [INFO] CrossReferenceDbSqlite:203 - Set database path to: /home/etienne.lima/.stmcufinder/plugins/mcufinder//mcu/cs/
2026-01-15 07:38:07,700 [INFO] RulesReader:64 - Compatibility file has been processed (317 Rules)
2026-01-15 07:38:07,931 [INFO] DbMcusXml:78 - Set database path to: /opt/st/stm32cubeide_1.19.0/plugins/com.st.stm32cube.common.mx_6.15.0.202507011659//db//mcu/
2026-01-15 07:38:07,933 [INFO] ApiDb:274 - Set plugin database path to: /opt/st/stm32cubeide_1.19.0/plugins/com.st.stm32cube.common.mx_6.15.0.202507011659//db//plugins/boardmanager/
2026-01-15 07:38:07,934 [INFO] ApiDb:261 - Set plugin images path to: /opt/st/stm32cubeide_1.19.0/plugins/com.st.stm32cube.common.mx_6.15.0.202507011659//db//plugins/mcufinder/images/
2026-01-15 07:38:07,934 [WARN] DbFile:41 - Overriding database path with different value: /home/etienne.lima/.stmcufinder/plugins/mcufinder/ => /home/etienne.lima/.stmcufinder/plugins/mcufinder
2026-01-15 07:38:07,935 [INFO] ApiDb:250 - Set database path to: /home/etienne.lima/.stmcufinder/plugins/mcufinder//mcu/
2026-01-15 07:38:07,935 [WARN] DbFile:41 - Overriding database path with different value: /home/etienne.lima/.stmcufinder/plugins/mcufinder/ => /home/etienne.lima/.stmcufinder/plugins/mcufinder
2026-01-15 07:38:07,935 [INFO] DbMcusAds:125 - Set database path to: /home/etienne.lima/.stmcufinder/plugins/mcufinder//mcu/
2026-01-15 07:38:07,936 [WARN] DbFile:41 - Overriding database path with different value: /home/etienne.lima/.stmcufinder/plugins/mcufinder/ => /home/etienne.lima/.stmcufinder/plugins/mcufinder
2026-01-15 07:38:07,936 [WARN] DbFile:41 - Overriding database path with different value: /home/etienne.lima/.stmcufinder/plugins/mcufinder/ => /home/etienne.lima/.stmcufinder/plugins/mcufinder
2026-01-15 07:38:07,937 [INFO] CrossReferenceDbSqlite:203 - Set database path to: /home/etienne.lima/.stmcufinder/plugins/mcufinder//mcu/cs/
2026-01-15 07:38:08,103 [INFO] MainPanel:274 - HeapMemory: 268435456
2026-01-15 07:38:08,436 [INFO] DbMcusXml:78 - Set database path to: /opt/st/stm32cubeide_1.19.0/plugins/com.st.stm32cube.common.mx_6.15.0.202507011659//db//mcu/
2026-01-15 07:38:08,436 [INFO] ApiDb:274 - Set plugin database path to: /opt/st/stm32cubeide_1.19.0/plugins/com.st.stm32cube.common.mx_6.15.0.202507011659//db//plugins/boardmanager/
2026-01-15 07:38:08,436 [INFO] ApiDb:261 - Set plugin images path to: /opt/st/stm32cubeide_1.19.0/plugins/com.st.stm32cube.common.mx_6.15.0.202507011659//db//plugins/mcufinder/images/
2026-01-15 07:38:08,437 [WARN] DbFile:41 - Overriding database path with different value: /home/etienne.lima/.stmcufinder/plugins/mcufinder/ => /home/etienne.lima/.stmcufinder/plugins/mcufinder
2026-01-15 07:38:08,437 [INFO] ApiDb:250 - Set database path to: /home/etienne.lima/.stmcufinder/plugins/mcufinder//mcu/
2026-01-15 07:38:08,437 [WARN] DbFile:41 - Overriding database path with different value: /home/etienne.lima/.stmcufinder/plugins/mcufinder/ => /home/etienne.lima/.stmcufinder/plugins/mcufinder
2026-01-15 07:38:08,437 [INFO] DbMcusAds:125 - Set database path to: /home/etienne.lima/.stmcufinder/plugins/mcufinder//mcu/
2026-01-15 07:38:08,437 [WARN] DbFile:41 - Overriding database path with different value: /home/etienne.lima/.stmcufinder/plugins/mcufinder/ => /home/etienne.lima/.stmcufinder/plugins/mcufinder
2026-01-15 07:38:08,437 [WARN] DbFile:41 - Overriding database path with different value: /home/etienne.lima/.stmcufinder/plugins/mcufinder/ => /home/etienne.lima/.stmcufinder/plugins/mcufinder
2026-01-15 07:38:08,437 [INFO] CrossReferenceDbSqlite:203 - Set database path to: /home/etienne.lima/.stmcufinder/plugins/mcufinder//mcu/cs/
2026-01-15 07:38:08,489 [INFO] ApplicationProperties:184 - Using Application install path: /opt/st/stm32cubeide_1.19.0/plugins/com.st.stm32cube.common.mx_6.15.0.202507011659
2026-01-15 07:38:08,492 [INFO] PluginManage:196 - Search for loadable plugins [exclusion list=, ]
2026-01-15 07:38:08,497 [INFO] PluginManage:310 - Check plugin analytics
2026-01-15 07:38:09,008 [INFO] AnalyticsPlugin:253 - Accepted Software Licenses: 
2026-01-15 07:38:09,008 [INFO] AnalyticsPlugin:255 - Accepted CMSIS Pack Licenses: 
2026-01-15 07:38:09,011 [INFO] AnalyticsPlugin:257 - Accepted Firmware Licenses: FW.F4.1.28.0,FW.F4.1.27.0,FW.C0.1.4.0,FW.WB.1.23.0,FW.WL.1.3.0,FW.L4.1.18.0
2026-01-15 07:38:09,014 [INFO] PluginManage:359 - Loaded plugin analytics (category:tool,tabindex:-1)
2026-01-15 07:38:09,015 [INFO] PluginManage:310 - Check plugin cadmodel
2026-01-15 07:38:09,023 [INFO] CADModel:105 - Init CAD model plugin
2026-01-15 07:38:09,024 [INFO] PluginManage:359 - Loaded plugin cadmodel (category:power,tabindex:5)
2026-01-15 07:38:09,024 [INFO] PluginManage:310 - Check plugin clock
2026-01-15 07:38:09,043 [INFO] PluginManage:359 - Loaded plugin clock (category:base,tabindex:2)
2026-01-15 07:38:09,046 [INFO] PluginManage:310 - Check plugin ddr
2026-01-15 07:38:09,050 [INFO] PluginManage:359 - Loaded plugin ddr (category:tool,tabindex:6)
2026-01-15 07:38:09,051 [INFO] PluginManage:310 - Check plugin filemanager
2026-01-15 07:38:09,394 [INFO] PluginManage:359 - Loaded plugin filemanager (category:base,tabindex:10)
2026-01-15 07:38:09,394 [INFO] PluginManage:310 - Check plugin ipmanager
2026-01-15 07:38:09,405 [INFO] PluginManage:359 - Loaded plugin ipmanager (category:base,tabindex:5)
2026-01-15 07:38:09,405 [INFO] PluginManage:310 - Check plugin lpbam
2026-01-15 07:38:09,428 [INFO] PluginManage:359 - Loaded plugin lpbam (category:base,tabindex:0)
2026-01-15 07:38:09,428 [INFO] PluginManage:310 - Check plugin memorymap
2026-01-15 07:38:09,449 [INFO] PluginManage:359 - Loaded plugin memorymap (category:base,tabindex:4)
2026-01-15 07:38:09,449 [INFO] PluginManage:310 - Check plugin pinoutandconfiguration
2026-01-15 07:38:09,470 [INFO] PluginManage:359 - Loaded plugin pinoutandconfiguration (category:base,tabindex:1)
2026-01-15 07:38:09,470 [INFO] PluginManage:310 - Check plugin pinoutconfig
2026-01-15 07:38:09,604 [WARN] SupportedApi:132 - Cannot load RTOS API schema: s4s-elt-must-match.1: The content of 'definitions' must match (annotation?, (simpleType | complexType)?, (unique | key | keyref)*)). A problem was found starting at: attribute.
2026-01-15 07:38:09,804 [INFO] PluginManage:359 - Loaded plugin pinoutconfig (category:base,tabindex:0)
2026-01-15 07:38:09,804 [INFO] PluginManage:310 - Check plugin power
2026-01-15 07:38:09,823 [INFO] PluginManage:359 - Loaded plugin power (category:power,tabindex:4)
2026-01-15 07:38:09,824 [INFO] PluginManage:310 - Check plugin projectmanager
2026-01-15 07:38:09,847 [INFO] PluginManage:359 - Loaded plugin projectmanager (category:projectmanager,tabindex:4)
2026-01-15 07:38:09,847 [INFO] PluginManage:310 - Check plugin rif
2026-01-15 07:38:09,861 [INFO] PluginManage:359 - Loaded plugin rif (category:base,tabindex:3)
2026-01-15 07:38:09,861 [INFO] PluginManage:310 - Check plugin thirdparty
2026-01-15 07:38:10,125 [WARN] IntegrityCheckThread:84 - waiting for thirdparty lock release [integrity check]
2026-01-15 07:38:10,128 [INFO] IntegrityCheckThread:86 - entering critical section [integrity check]
2026-01-15 07:38:10,129 [INFO] ThirdPartyUpdaterWithRetryManager:70 - Updater plugin not ready yet. [1/15]
2026-01-15 07:38:10,129 [INFO] PluginManage:359 - Loaded plugin thirdparty (category:base,tabindex:-1)
2026-01-15 07:38:10,130 [INFO] PluginManage:310 - Check plugin tools
2026-01-15 07:38:10,136 [INFO] PluginManage:359 - Loaded plugin tools (category:base,tabindex:7)
2026-01-15 07:38:10,137 [INFO] PluginManage:310 - Check plugin tutovideos
2026-01-15 07:38:10,197 [ERROR] LogOutputStream:75 - [STDERR_REDIRECT] Jan 15, 2026 7:38:10 AM org.eclipse.lsp4j.jsonrpc.services.GenericEndpoint notify
2026-01-15 07:38:10,201 [ERROR] LogOutputStream:75 - [STDERR_REDIRECT] WARNING: Unsupported notification method: statusNotification
2026-01-15 07:38:10,203 [ERROR] LogOutputStream:75 - [STDERR_REDIRECT] 
2026-01-15 07:38:10,212 [ERROR] LogOutputStream:75 - [STDERR_REDIRECT] Jan 15, 2026 7:38:10 AM org.eclipse.lsp4j.jsonrpc.services.GenericEndpoint notify
2026-01-15 07:38:10,215 [ERROR] LogOutputStream:75 - [STDERR_REDIRECT] WARNING: Unsupported notification method: didChangeStatus
2026-01-15 07:38:10,218 [ERROR] LogOutputStream:75 - [STDERR_REDIRECT] 
2026-01-15 07:38:10,265 [ERROR] LogOutputStream:75 - [STDERR_REDIRECT] Jan 15, 2026 7:38:10 AM org.eclipse.lsp4j.jsonrpc.services.GenericEndpoint notify
2026-01-15 07:38:10,266 [ERROR] LogOutputStream:75 - [STDERR_REDIRECT] WARNING: Unsupported notification method: conversation/preconditionsNotification
2026-01-15 07:38:10,269 [ERROR] LogOutputStream:75 - [STDERR_REDIRECT] 
2026-01-15 07:38:10,914 [INFO] PluginManage:359 - Loaded plugin tutovideos (category:base,tabindex:-1)
2026-01-15 07:38:10,915 [INFO] PluginManage:310 - Check plugin updater
2026-01-15 07:38:10,981 [INFO] PluginManage:359 - Loaded plugin updater (category:base,tabindex:12)
2026-01-15 07:38:10,984 [INFO] PluginManage:310 - Check plugin userauth
2026-01-15 07:38:11,002 [INFO] UserAuth:118 - Init User Auth plugin
2026-01-15 07:38:11,004 [INFO] PluginManage:359 - Loaded plugin userauth (category:base,tabindex:14)
2026-01-15 07:38:11,005 [INFO] PluginManage:283 - PluginManage : Loaded plugins [18]
2026-01-15 07:38:11,434 [INFO] PinOutPanel:1589 - setPackage(No Configuration,No Configuration)
2026-01-15 07:38:11,557 [INFO] CADModel:165 - CPN selected for project level
2026-01-15 07:38:11,557 [INFO] CADModel:114 - Register for checkConnection events
2026-01-15 07:38:11,594 [INFO] IPUIPlugin:80 - create IPUIPlugin
2026-01-15 07:38:11,598 [INFO] PluginManager:220 - loadIPPluginJar : add ddr_ctrl_phy
2026-01-15 07:38:11,605 [INFO] IPUIPlugin:80 - create IPUIPlugin
2026-01-15 07:38:11,606 [INFO] PluginManager:220 - loadIPPluginJar : add sai
2026-01-15 07:38:11,609 [INFO] IPUIPlugin:80 - create IPUIPlugin
2026-01-15 07:38:11,610 [INFO] PluginManager:220 - loadIPPluginJar : add fatfs
2026-01-15 07:38:11,616 [INFO] IPUIPlugin:80 - create IPUIPlugin
2026-01-15 07:38:11,618 [INFO] PluginManager:220 - loadIPPluginJar : add gfxmmu
2026-01-15 07:38:11,621 [INFO] IPUIPlugin:80 - create IPUIPlugin
2026-01-15 07:38:11,621 [INFO] PluginManager:220 - loadIPPluginJar : add quadspi
2026-01-15 07:38:11,624 [INFO] IPUIPlugin:80 - create IPUIPlugin
2026-01-15 07:38:11,626 [INFO] PluginManager:220 - loadIPPluginJar : add spi
2026-01-15 07:38:11,638 [INFO] IPUIPlugin:80 - create IPUIPlugin
2026-01-15 07:38:11,638 [INFO] PluginManager:220 - loadIPPluginJar : add opamp
2026-01-15 07:38:11,645 [INFO] IPUIPlugin:80 - create IPUIPlugin
2026-01-15 07:38:11,645 [INFO] PluginManager:220 - loadIPPluginJar : add usbx
2026-01-15 07:38:11,656 [INFO] IPUIPlugin:80 - create IPUIPlugin
2026-01-15 07:38:11,657 [INFO] PluginManager:220 - loadIPPluginJar : add dma
2026-01-15 07:38:11,661 [INFO] IPUIPlugin:80 - create IPUIPlugin
2026-01-15 07:38:11,661 [INFO] PluginManager:220 - loadIPPluginJar : add cryp
2026-01-15 07:38:11,669 [INFO] IPUIPlugin:80 - create IPUIPlugin
2026-01-15 07:38:11,669 [INFO] PluginManager:220 - loadIPPluginJar : add touchsensing
2026-01-15 07:38:11,679 [INFO] IPUIPlugin:80 - create IPUIPlugin
2026-01-15 07:38:11,681 [INFO] PluginManager:220 - loadIPPluginJar : add freertos
2026-01-15 07:38:11,686 [INFO] IPUIPlugin:80 - create IPUIPlugin
2026-01-15 07:38:11,686 [INFO] PluginManager:220 - loadIPPluginJar : add genericplugin
2026-01-15 07:38:11,702 [INFO] IPUIPlugin:80 - create IPUIPlugin
2026-01-15 07:38:11,702 [INFO] PluginManager:220 - loadIPPluginJar : add tsc
2026-01-15 07:38:11,713 [INFO] IPUIPlugin:80 - create IPUIPlugin
2026-01-15 07:38:11,713 [INFO] PluginManager:220 - loadIPPluginJar : add gic
2026-01-15 07:38:11,737 [INFO] IPUIPlugin:80 - create IPUIPlugin
2026-01-15 07:38:11,738 [INFO] PluginManager:220 - loadIPPluginJar : add stm32_wpan
2026-01-15 07:38:11,747 [INFO] IPUIPlugin:80 - create IPUIPlugin
2026-01-15 07:38:11,747 [INFO] PluginManager:220 - loadIPPluginJar : add i2s
2026-01-15 07:38:11,754 [INFO] IPUIPlugin:80 - create IPUIPlugin
2026-01-15 07:38:11,756 [INFO] PluginManager:220 - loadIPPluginJar : add extmemmanager
2026-01-15 07:38:11,762 [INFO] IPUIPlugin:80 - create IPUIPlugin
2026-01-15 07:38:11,762 [INFO] PluginManager:220 - loadIPPluginJar : add ts
2026-01-15 07:38:11,768 [INFO] IPUIPlugin:80 - create IPUIPlugin
2026-01-15 07:38:11,770 [INFO] PluginManager:220 - loadIPPluginJar : add ltdc
2026-01-15 07:38:11,773 [INFO] IPUIPlugin:80 - create IPUIPlugin
2026-01-15 07:38:11,774 [INFO] PluginManager:220 - loadIPPluginJar : add tracer_emb
2026-01-15 07:38:11,781 [INFO] IPUIPlugin:80 - create IPUIPlugin
2026-01-15 07:38:11,782 [INFO] PluginManager:220 - loadIPPluginJar : add can
2026-01-15 07:38:11,787 [INFO] IPUIPlugin:80 - create IPUIPlugin
2026-01-15 07:38:11,789 [INFO] PluginManager:220 - loadIPPluginJar : add aes
2026-01-15 07:38:11,792 [INFO] IPUIPlugin:80 - create IPUIPlugin
2026-01-15 07:38:11,792 [INFO] PluginManager:220 - loadIPPluginJar : add comp
2026-01-15 07:38:11,798 [INFO] IPUIPlugin:80 - create IPUIPlugin
2026-01-15 07:38:11,798 [INFO] PluginManager:220 - loadIPPluginJar : add i2c
2026-01-15 07:38:11,811 [INFO] IPUIPlugin:80 - create IPUIPlugin
2026-01-15 07:38:11,813 [INFO] PluginManager:220 - loadIPPluginJar : add lorawan
2026-01-15 07:38:11,815 [INFO] IPUIPlugin:80 - create IPUIPlugin
2026-01-15 07:38:11,819 [INFO] PluginManager:220 - loadIPPluginJar : add ucpd
2026-01-15 07:38:11,826 [INFO] IPUIPlugin:80 - create IPUIPlugin
2026-01-15 07:38:11,826 [INFO] PluginManager:220 - loadIPPluginJar : add hash
2026-01-15 07:38:11,834 [INFO] IPUIPlugin:80 - create IPUIPlugin
2026-01-15 07:38:11,835 [INFO] PluginManager:220 - loadIPPluginJar : add gpio
2026-01-15 07:38:11,841 [INFO] IPUIPlugin:80 - create IPUIPlugin
2026-01-15 07:38:11,842 [INFO] PluginManager:220 - loadIPPluginJar : add pdm2pcm
2026-01-15 07:38:11,857 [INFO] IPUIPlugin:80 - create IPUIPlugin
2026-01-15 07:38:11,857 [INFO] PluginManager:220 - loadIPPluginJar : add nvic
2026-01-15 07:38:11,861 [INFO] IPUIPlugin:80 - create IPUIPlugin
2026-01-15 07:38:11,864 [INFO] PluginManager:220 - loadIPPluginJar : add dma3
2026-01-15 07:38:11,877 [INFO] IPUIPlugin:80 - create IPUIPlugin
2026-01-15 07:38:11,877 [INFO] PluginManager:220 - loadIPPluginJar : add openamp
2026-01-15 07:38:11,928 [INFO] IPUIPlugin:80 - create IPUIPlugin
2026-01-15 07:38:11,928 [INFO] PluginManager:220 - loadIPPluginJar : add ipddr
2026-01-15 07:38:11,932 [INFO] IPUIPlugin:80 - create IPUIPlugin
2026-01-15 07:38:11,933 [INFO] PluginManager:220 - loadIPPluginJar : add gtzc
2026-01-15 07:38:11,937 [INFO] IPUIPlugin:80 - create IPUIPlugin
2026-01-15 07:38:11,937 [INFO] PluginManager:220 - loadIPPluginJar : add tim
2026-01-15 07:38:11,946 [INFO] IPUIPlugin:80 - create IPUIPlugin
2026-01-15 07:38:11,947 [INFO] PluginManager:220 - loadIPPluginJar : add fmc
2026-01-15 07:38:11,956 [INFO] IPUIPlugin:80 - create IPUIPlugin
2026-01-15 07:38:11,956 [INFO] PluginManager:220 - loadIPPluginJar : add i3c
2026-01-15 07:38:11,969 [INFO] IPUIPlugin:80 - create IPUIPlugin
2026-01-15 07:38:11,974 [INFO] PluginManager:220 - loadIPPluginJar : add plateformsettings
2026-01-15 07:38:11,978 [INFO] IPUIPlugin:80 - create IPUIPlugin
2026-01-15 07:38:11,979 [INFO] PluginManager:220 - loadIPPluginJar : add dfsdm
2026-01-15 07:38:11,990 [INFO] IPUIPlugin:80 - create IPUIPlugin
2026-01-15 07:38:11,991 [INFO] PluginManager:220 - loadIPPluginJar : add adc
2026-01-15 07:38:11,995 [INFO] IPUIPlugin:80 - create IPUIPlugin
2026-01-15 07:38:11,995 [INFO] PluginManager:220 - loadIPPluginJar : add usart
2026-01-15 07:38:12,005 [INFO] IPUIPlugin:80 - create IPUIPlugin
2026-01-15 07:38:12,005 [INFO] PluginManager:220 - loadIPPluginJar : add linkedlist
2026-01-15 07:38:12,008 [INFO] IPUIPlugin:80 - create IPUIPlugin
2026-01-15 07:38:12,009 [INFO] PluginManager:220 - loadIPPluginJar : add radio
2026-01-15 07:38:12,018 [INFO] IPUIPlugin:80 - create IPUIPlugin
2026-01-15 07:38:12,019 [INFO] PluginManager:220 - loadIPPluginJar : add mdma
2026-01-15 07:38:12,026 [INFO] IPUIPlugin:80 - create IPUIPlugin
2026-01-15 07:38:12,026 [INFO] PluginManager:220 - loadIPPluginJar : add resmgrutility
2026-01-15 07:38:12,160 [FATAL] Updater:351 - Updater called before beeing initialized
2026-01-15 07:38:12,237 [INFO] RulesReader:64 - Compatibility file has been processed (317 Rules)
2026-01-15 07:38:12,292 [INFO] RulesReader:64 - Compatibility file has been processed (317 Rules)
2026-01-15 07:38:12,339 [INFO] CADModel:165 - CPN selected for project level
2026-01-15 07:38:12,339 [INFO] CADModel:114 - Register for checkConnection events
2026-01-15 07:38:12,339 [FATAL] Updater:351 - Updater called before beeing initialized
2026-01-15 07:38:12,339 [ERROR] CADModel:125 - Updater not yet initialized, retry later 
2026-01-15 07:38:12,578 [FATAL] Updater:351 - Updater called before beeing initialized
2026-01-15 07:38:12,580 [INFO] CADModel:165 - CPN selected for project level
2026-01-15 07:38:12,580 [INFO] CADModel:114 - Register for checkConnection events
2026-01-15 07:38:12,581 [FATAL] Updater:351 - Updater called before beeing initialized
2026-01-15 07:38:12,581 [ERROR] CADModel:125 - Updater not yet initialized, retry later 
2026-01-15 07:38:12,585 [FATAL] Updater:351 - Updater called before beeing initialized
2026-01-15 07:38:12,740 [FATAL] Updater:351 - Updater called before beeing initialized
2026-01-15 07:38:12,747 [INFO] DbMcusAds:53 - JSON generation date=Thu Jan 08 13:03:33 BRT 2026 (1767888213674)
2026-01-15 07:38:12,747 [FATAL] Updater:351 - Updater called before beeing initialized
2026-01-15 07:38:12,793 [WARN] DetailPanel:346 - Failed to get advertising image, set to default
2026-01-15 07:38:12,972 [FATAL] Updater:351 - Updater called before beeing initialized
2026-01-15 07:38:12,975 [FATAL] Updater:351 - Updater called before beeing initialized
2026-01-15 07:38:12,975 [FATAL] Updater:351 - Updater called before beeing initialized
2026-01-15 07:38:12,976 [WARN] DetailPanel:346 - Failed to get advertising image, set to default
2026-01-15 07:38:12,978 [FATAL] Updater:351 - Updater called before beeing initialized
2026-01-15 07:38:13,046 [ERROR] Updater:1198 - MainUpdater not yet initialized. External WinMGr cannot be set.
2026-01-15 07:38:13,049 [INFO] Updater:1134 - Updater Version found : 6.15.0
2026-01-15 07:38:13,087 [INFO] ApplicationProperties:184 - Using Application install path: /opt/st/stm32cubeide_1.19.0/plugins/com.st.stm32cube.common.mx_6.15.0.202507011659
2026-01-15 07:38:13,174 [INFO] ThirdPartyUpdaterWithRetryManager:70 - Updater plugin not ready yet. [2/15]
2026-01-15 07:38:13,858 [INFO] MainUpdater:2872 - connection check result : 10
2026-01-15 07:38:13,859 [INFO] MainUpdater:289 - Updater Check For Update Now.
2026-01-15 07:38:13,860 [INFO] MicroXplorer:498 - Change Database Version : DB.6.0.150
2026-01-15 07:38:13,885 [INFO] McuFinderGlobals:63 - Set McuFinder mode to 2 (CubeIDE integrated)
2026-01-15 07:38:13,895 [INFO] UserAuth:487 - Internet connection configuration mode: 1
2026-01-15 07:38:13,990 [INFO] JxBrowserEngine:152 - Initiate JxBrowser Engine with user profile folder
2026-01-15 07:38:14,168 [INFO] CheckServerUpdateThread:120 - End of CheckServer Thread
2026-01-15 07:38:16,488 [WARN] PackLoader:240 - Cannot read IP mode file for STMicroelectronics.FP-SNS-MOTENVWB1.1.4.0
2026-01-15 07:38:16,501 [WARN] PackLoader:240 - Cannot read IP mode file for STMicroelectronics.FP-ATR-ASTRA1.2.0.2
2026-01-15 07:38:16,521 [WARN] PackLoader:240 - Cannot read IP mode file for STMicroelectronics.X-CUBE-SMBUS.2.1.0
2026-01-15 07:38:16,535 [WARN] PackLoader:240 - Cannot read IP mode file for STMicroelectronics.X-CUBE-ST60.1.0.0
2026-01-15 07:38:16,610 [WARN] PackLoader:240 - Cannot read IP mode file for STMicroelectronics.X-CUBE-AZRTOS-F7.1.1.0
2026-01-15 07:38:16,635 [WARN] PackLoader:240 - Cannot read IP mode file for Cesanta.I-CUBE-Mongoose.7.19.0
2026-01-15 07:38:16,643 [WARN] PackLoader:240 - Cannot read IP mode file for STMicroelectronics.FP-SNS-MOTENV1.5.1.0
2026-01-15 07:38:16,670 [WARN] PackLoader:240 - Cannot read IP mode file for WES.I-CUBE-Cesium.1.4.0
2026-01-15 07:38:16,724 [WARN] PackLoader:240 - Cannot read IP mode file for Infineon.AIROC-Wi-Fi-Bluetooth-STM32.1.7.1
2026-01-15 07:38:16,809 [WARN] PackLoader:240 - Cannot read IP mode file for STMicroelectronics.X-CUBE-AZRTOS-H7.3.4.0
2026-01-15 07:38:16,838 [WARN] PackLoader:240 - Cannot read IP mode file for STMicroelectronics.X-CUBE-DISPLAY.3.0.0
2026-01-15 07:38:16,876 [WARN] PackLoader:240 - Cannot read IP mode file for STMicroelectronics.X-CUBE-NFC10.1.0.0
2026-01-15 07:38:16,902 [WARN] PackLoader:240 - Cannot read IP mode file for STMicroelectronics.X-CUBE-ST60.1.1.0
2026-01-15 07:38:16,923 [WARN] PackLoader:240 - Cannot read IP mode file for emotas.I-CUBE-CANOPEN.1.3.0
2026-01-15 07:38:16,940 [WARN] PackLoader:240 - Cannot read IP mode file for STMicroelectronics.X-CUBE-GNSS1.7.1.0
2026-01-15 07:38:16,963 [WARN] PackLoader:240 - Cannot read IP mode file for STMicroelectronics.FP-SNS-STBOX1.2.1.0
2026-01-15 07:38:16,985 [WARN] PackLoader:240 - Cannot read IP mode file for STMicroelectronics.FP-SNS-SMARTAG2.1.2.0
2026-01-15 07:38:17,004 [WARN] PackLoader:240 - Cannot read IP mode file for STMicroelectronics.FP-SNS-FLIGHT1.5.1.0
2026-01-15 07:38:17,026 [INFO] LogOutputStream:77 - [STDOUT_REDIRECT] 1 : Invalid condition id : UX_CORESTACK_Condition cause : null
2026-01-15 07:38:17,027 [INFO] LogOutputStream:77 - [STDOUT_REDIRECT] 1 : Invalid condition id : UX_CORESTACK_Condition cause : null
2026-01-15 07:38:17,028 [INFO] LogOutputStream:77 - [STDOUT_REDIRECT] 1 : Invalid condition id : UX_CORESTACK_Condition cause : null
2026-01-15 07:38:17,028 [INFO] LogOutputStream:77 - [STDOUT_REDIRECT] 1 : Invalid condition id : UX_CORESTACK_Condition cause : null
2026-01-15 07:38:17,029 [INFO] LogOutputStream:77 - [STDOUT_REDIRECT] 1 : Invalid condition id : UX_CORESTACK_Condition cause : null
2026-01-15 07:38:17,036 [WARN] PackLoader:240 - Cannot read IP mode file for STMicroelectronics.X-CUBE-AZRTOS-WL.2.0.0
2026-01-15 07:38:17,049 [WARN] PackLoader:240 - Cannot read IP mode file for STMicroelectronics.FP-SNS-MOTENV1.5.0.0
2026-01-15 07:38:17,117 [WARN] PackLoader:240 - Cannot read IP mode file for STMicroelectronics.X-CUBE-AZRTOS-H7RS.1.2.0
2026-01-15 07:38:17,230 [WARN] PackLoader:240 - Cannot read IP mode file for STMicroelectronics.X-CUBE-BLE2.3.3.0
2026-01-15 07:38:17,343 [WARN] PackLoader:240 - Cannot read IP mode file for STMicroelectronics.X-CUBE-NFC9.1.0.0
2026-01-15 07:38:17,369 [WARN] PackLoader:240 - Cannot read IP mode file for wolfSSL.I-CUBE-wolfSSL.5.8.2
2026-01-15 07:38:17,379 [WARN] PackLoader:240 - Cannot read IP mode file for STMicroelectronics.X-CUBE-BLE1.7.1.0
2026-01-15 07:38:17,386 [WARN] PackLoader:240 - Cannot read IP mode file for wolfSSL.I-CUBE-wolfMQTT.1.19.2
2026-01-15 07:38:17,409 [WARN] PackLoader:240 - Cannot read IP mode file for STMicroelectronics.X-CUBE-FREERTOS.1.4.0
2026-01-15 07:38:17,438 [WARN] PackLoader:240 - Cannot read IP mode file for STMicroelectronics.X-CUBE-EEPRMA1.5.2.0
2026-01-15 07:38:17,506 [WARN] PackLoader:240 - Cannot read IP mode file for STMicroelectronics.X-CUBE-ST67W61.1.1.0
2026-01-15 07:38:17,763 [WARN] PackLoader:240 - Cannot read IP mode file for STMicroelectronics.X-CUBE-MEMS1.12.0.0
2026-01-15 07:38:18,360 [WARN] PackLoader:240 - Cannot read IP mode file for STMicroelectronics.X-CUBE-AZRTOS-G0.1.1.0
2026-01-15 07:38:18,390 [WARN] PackLoader:240 - Cannot read IP mode file for STMicroelectronics.X-CUBE-SAFEA1.1.2.2
2026-01-15 07:38:18,410 [WARN] PackLoader:240 - Cannot read IP mode file for STMicroelectronics.X-CUBE-NFC4.3.0.0
2026-01-15 07:38:18,440 [WARN] PackLoader:240 - Cannot read IP mode file for EmbeddedOffice.I-CUBE-FS-RTOS.1.0.1
2026-01-15 07:38:18,473 [WARN] PackLoader:240 - Cannot read IP mode file for STMicroelectronics.X-CUBE-WB05N.2.0.0
2026-01-15 07:38:18,497 [WARN] PackLoader:240 - Cannot read IP mode file for wolfSSL.I-CUBE-wolfTPM.3.8.0
2026-01-15 07:38:18,538 [WARN] PackLoader:240 - Cannot read IP mode file for STMicroelectronics.X-CUBE-TCPP.4.2.0
2026-01-15 07:38:18,560 [WARN] PackLoader:240 - Cannot read IP mode file for RealThread.X-CUBE-RT-Thread_Nano.4.1.1
2026-01-15 07:38:18,570 [WARN] PackLoader:240 - Cannot read IP mode file for STMicroelectronics.FP-ATR-SIGFOX1.3.2.0
2026-01-15 07:38:18,588 [WARN] PackLoader:240 - Cannot read IP mode file for ITTIA_DB.I-CUBE-ITTIADB.8.9.0
2026-01-15 07:38:18,604 [WARN] PackLoader:240 - Cannot read IP mode file for STMicroelectronics.X-CUBE-AI.10.2.0
2026-01-15 07:38:18,716 [WARN] PackLoader:240 - Cannot read IP mode file for SEGGER.I-CUBE-embOS.1.3.1
2026-01-15 07:38:18,897 [WARN] PackLoader:240 - Cannot read IP mode file for STMicroelectronics.X-CUBE-ALGOBUILD.1.4.0
2026-01-15 07:38:18,905 [INFO] WebApp:169 - Instantiating new browser for Auth
2026-01-15 07:38:19,136 [WARN] PackLoader:240 - Cannot read IP mode file for STMicroelectronics.X-CUBE-MEMS1.11.3.0
2026-01-15 07:38:19,492 [WARN] PackLoader:240 - Cannot read IP mode file for STMicroelectronics.X-CUBE-PM33A1.1.0.0
2026-01-15 07:38:19,703 [WARN] PackLoader:240 - Cannot read IP mode file for STMicroelectronics.X-CUBE-AZRTOS-F4.1.1.0
2026-01-15 07:38:19,723 [WARN] PackLoader:240 - Cannot read IP mode file for STMicroelectronics.X-CUBE-ISPU.2.1.0
2026-01-15 07:38:19,757 [WARN] PackLoader:240 - Cannot read IP mode file for STMicroelectronics.X-CUBE-IPS.3.2.0
2026-01-15 07:38:19,795 [WARN] PackLoader:240 - Cannot read IP mode file for STMicroelectronics.X-CUBE-NFC12.1.0.0
2026-01-15 07:38:19,905 [WARN] PackLoader:240 - Cannot read IP mode file for STMicroelectronics.X-CUBE-AZRTOS-L5.2.0.0
2026-01-15 07:38:19,943 [WARN] PackLoader:240 - Cannot read IP mode file for STMicroelectronics.X-CUBE-NFC6.3.1.0
2026-01-15 07:38:19,985 [WARN] PackLoader:240 - Cannot read IP mode file for STMicroelectronics.X-CUBE-FREERTOS.1.3.1
2026-01-15 07:38:20,001 [WARN] PackLoader:240 - Cannot read IP mode file for STMicroelectronics.X-CUBE-TOUCHGFX.4.26.0
2026-01-15 07:38:20,024 [WARN] PackLoader:240 - Cannot read IP mode file for STMicroelectronics.FP-SNS-STAIOTCFT.1.0.0
2026-01-15 07:38:20,051 [WARN] PackLoader:240 - Cannot read IP mode file for STMicroelectronics.X-CUBE-DPower.1.3.0
2026-01-15 07:38:20,148 [WARN] ConditionMgr:438 - getConditionDescription Invalid condition id : LAN8742 Phy interface Condition cause : null
2026-01-15 07:38:20,150 [WARN] PackLoader:240 - Cannot read IP mode file for STMicroelectronics.X-CUBE-AZRTOS-L4.2.0.0
2026-01-15 07:38:20,152 [WARN] ConditionMgr:1044 - genDependencies : Invalid condition id : LAN8742 Phy interface Condition cause : null
2026-01-15 07:38:20,152 [WARN] ConditionMgr:1044 - genDependencies : Invalid condition id : LAN8742 Phy interface Condition cause : null
2026-01-15 07:38:20,153 [WARN] ConditionMgr:1044 - genDependencies : Invalid condition id : LAN8742 Phy interface Condition cause : null
2026-01-15 07:38:20,178 [WARN] PackLoader:240 - Cannot read IP mode file for STMicroelectronics.X-CUBE-SFXS2LP1.4.0.0
2026-01-15 07:38:20,232 [WARN] PackLoader:240 - Cannot read IP mode file for STMicroelectronics.X-CUBE-ST67W61.1.2.0
2026-01-15 07:38:20,259 [WARN] PackLoader:240 - Cannot read IP mode file for STMicroelectronics.X-CUBE-BLEMGR.4.1.0
2026-01-15 07:38:20,307 [WARN] ConditionMgr:438 - getConditionDescription Invalid condition id : UX DEVICE CLASS RTOS Condition cause : null
2026-01-15 07:38:20,308 [WARN] ConditionMgr:438 - getConditionDescription Invalid condition id : UX DEVICE CLASS RTOS Condition cause : null
2026-01-15 07:38:20,317 [WARN] PackLoader:240 - Cannot read IP mode file for STMicroelectronics.X-CUBE-AZRTOS-WB.2.0.0
2026-01-15 07:38:20,318 [WARN] ConditionMgr:1044 - genDependencies : Invalid condition id : UX DEVICE CLASS RTOS Condition cause : null
2026-01-15 07:38:20,319 [WARN] ConditionMgr:1044 - genDependencies : Invalid condition id : UX DEVICE CLASS RTOS Condition cause : null
2026-01-15 07:38:20,320 [WARN] ConditionMgr:1044 - genDependencies : Invalid condition id : UX DEVICE CLASS RTOS Condition cause : null
2026-01-15 07:38:20,321 [WARN] ConditionMgr:1044 - genDependencies : Invalid condition id : UX DEVICE CLASS RTOS Condition cause : null
2026-01-15 07:38:20,321 [WARN] ConditionMgr:1044 - genDependencies : Invalid condition id : UX DEVICE CLASS RTOS Condition cause : null
2026-01-15 07:38:20,340 [WARN] PackLoader:240 - Cannot read IP mode file for STMicroelectronics.X-CUBE-GNSS1.7.0.1
2026-01-15 07:38:20,350 [WARN] ConditionMgr:438 - getConditionDescription Invalid condition id : Cortex-A Device cause : null
2026-01-15 07:38:20,371 [WARN] ConditionMgr:1044 - genDependencies : Invalid condition id : Cortex-A Device cause : null
2026-01-15 07:38:20,371 [WARN] ConditionMgr:1044 - genDependencies : Invalid condition id : Cortex-A Device cause : null
2026-01-15 07:38:20,371 [WARN] ConditionMgr:1044 - genDependencies : Invalid condition id : Cortex-A Device cause : null
2026-01-15 07:38:20,394 [WARN] PackLoader:240 - Cannot read IP mode file for STMicroelectronics.X-CUBE-SUBG2.5.0.0
2026-01-15 07:38:20,489 [WARN] PackLoader:240 - Cannot read IP mode file for STMicroelectronics.X-CUBE-AZRTOS-H7RS.1.1.0
2026-01-15 07:38:20,548 [WARN] PackLoader:240 - Cannot read IP mode file for STMicroelectronics.X-CUBE-AZRTOS-G4.2.0.0
2026-01-15 07:38:20,566 [WARN] PackLoader:240 - Cannot read IP mode file for wolfSSL.I-CUBE-wolfSSH.1.4.20
2026-01-15 07:38:20,579 [WARN] PackLoader:240 - Cannot read IP mode file for STMicroelectronics.X-CUBE-NFC7.2.0.0
2026-01-15 07:38:20,599 [WARN] PackLoader:240 - Cannot read IP mode file for STMicroelectronics.X-CUBE-ALS.1.0.2
2026-01-15 07:38:20,623 [WARN] PackLoader:240 - Cannot read IP mode file for STMicroelectronics.X-CUBE-STSE01.1.0.0
2026-01-15 07:38:20,666 [WARN] PackLoader:240 - Cannot read IP mode file for STMicroelectronics.X-CUBE-TOF1.3.4.3
2026-01-15 07:38:20,714 [INFO] ThirdParty:978 - Integrity check success = true
2026-01-15 07:38:20,717 [INFO] IntegrityCheckThread:100 - exiting critical section [integrity check]
2026-01-15 07:38:20,717 [INFO] IntegrityCheckThread:103 - End integrity checks thread
2026-01-15 07:38:21,843 [INFO] WebApp:463 - Apply proxy settings
2026-01-15 07:38:21,844 [INFO] WebApp:548 - Chromium requires no authentication
2026-01-15 07:38:21,857 [INFO] WebApp:491 - Direct internet connection detected
2026-01-15 07:38:21,891 [INFO] WebApp:900 - Register for checkConnection events
2026-01-15 07:38:21,891 [INFO] WebApp:463 - Apply proxy settings
2026-01-15 07:38:21,891 [INFO] WebApp:548 - Chromium requires no authentication
2026-01-15 07:38:21,892 [INFO] WebApp:491 - Direct internet connection detected
2026-01-15 07:38:22,088 [INFO] WebApp:225 - Starting web application
2026-01-15 07:38:22,089 [INFO] WebApp:593 - Web application path used /opt/st/stm32cubeide_1.19.0/plugins/com.st.stm32cube.common.mx_6.15.0.202507011659/db/plugins/mcufinder/reactClient1/index.html
2026-01-15 07:38:22,550 [INFO] UserAuth:487 - Internet connection configuration mode: 1
2026-01-15 07:38:22,940 [INFO] WebApp:191 - Connection restablished
2026-01-15 07:42:23,935 [INFO] WebApp:194 - Connection lost
2026-01-15 07:42:24,245 [INFO] WebApp:191 - Connection restablished
2026-01-15 08:16:46,072 [ERROR] LogOutputStream:75 - [STDERR_REDIRECT] Jan 15, 2026 8:16:46 AM org.apache.lucene.internal.vectorization.VectorizationProvider lookup
2026-01-15 08:16:46,074 [ERROR] LogOutputStream:75 - [STDERR_REDIRECT] WARNING: Java vector incubator module is not readable. For optimal vector performance, pass '--add-modules jdk.incubator.vector' to enable Vector API.
2026-01-15 08:16:46,074 [ERROR] LogOutputStream:75 - [STDERR_REDIRECT] 
2026-01-15 15:25:11,615 [INFO] WebApp:194 - Connection lost
2026-01-15 15:25:12,341 [INFO] WebApp:191 - Connection restablished
2026-01-15 15:31:15,924 [INFO] WebApp:194 - Connection lost
2026-01-15 15:31:16,194 [INFO] WebApp:191 - Connection restablished
